INFO  @ Wed, 23 Mar 2022 21:25:48: Parameters: /usr/local/bin/mageck mle -k All_Day9_CDC45_Counts_pDNA.txt -d DesignMatrixAll.txt -n 2022March23_All_CDC45_Day9 
INFO  @ Wed, 23 Mar 2022 21:25:49: Cannot parse design matrix as a string; try to parse it as a file name ... 
INFO  @ Wed, 23 Mar 2022 21:25:49: Design matrix: 
INFO  @ Wed, 23 Mar 2022 21:25:49: [[1. 0. 0. 0. 0. 0. 0.] 
INFO  @ Wed, 23 Mar 2022 21:25:49:  [1. 1. 0. 1. 0. 0. 0.] 
INFO  @ Wed, 23 Mar 2022 21:25:49:  [1. 0. 1. 1. 0. 0. 0.] 
INFO  @ Wed, 23 Mar 2022 21:25:49:  [1. 1. 0. 0. 1. 0. 0.] 
INFO  @ Wed, 23 Mar 2022 21:25:49:  [1. 0. 1. 0. 1. 0. 0.] 
INFO  @ Wed, 23 Mar 2022 21:25:49:  [1. 0. 1. 0. 0. 1. 0.] 
INFO  @ Wed, 23 Mar 2022 21:25:49:  [1. 0. 1. 0. 0. 0. 1.] 
INFO  @ Wed, 23 Mar 2022 21:25:49:  [1. 1. 0. 0. 0. 1. 0.] 
INFO  @ Wed, 23 Mar 2022 21:25:49:  [1. 1. 0. 0. 0. 0. 1.]] 
INFO  @ Wed, 23 Mar 2022 21:25:49: Beta labels:Baseline,NoAuxin,Auxin,May5,May19,Nov23_rep1,Nov23_rep2 
INFO  @ Wed, 23 Mar 2022 21:25:49: Included samples:Sansam_Brunello_lentiCRISPRv2,CDC45_Day9_May5,CDC45_Day9_PlusAux_May5,CDC45_Day9_May19,CDC45_Day9_PlusAux_May19,CDC45_Day9_PlusAux_Rep1,CDC45_Day9_PlusAux_Rep2,CDC45_Day9_Rep1,CDC45_Day9_Rep2 
INFO  @ Wed, 23 Mar 2022 21:25:49: Loaded samples:Sansam_Brunello_lentiCRISPRv2;CDC45_Day9_May5;CDC45_Day9_PlusAux_May5;CDC45_Day9_May19;CDC45_Day9_PlusAux_May19;CDC45_Day9_PlusAux_Rep1;CDC45_Day9_PlusAux_Rep2;CDC45_Day9_Rep1;CDC45_Day9_Rep2 
INFO  @ Wed, 23 Mar 2022 21:25:49: Sample index: 0;1;2;3;4;5;6;7;8 
INFO  @ Wed, 23 Mar 2022 21:25:50: Loaded 19113 genes. 
DEBUG @ Wed, 23 Mar 2022 21:25:51: Initial (total) size factor: 0.5337124165960211 1.0720881166828333 1.3723162957421382 0.9346707107015717 0.6637755066641157 1.7627803573457241 1.1480139080597591 1.153183126997137 1.7154763072158152 
DEBUG @ Wed, 23 Mar 2022 21:25:53: Median factor: 0.4834574617434862 0.9476742691981379 1.4555520478182302 0.8281024581614113 0.6440744289336033 1.7492327355941213 1.1860841346233675 1.0184148340090875 1.5144839571190045 
INFO  @ Wed, 23 Mar 2022 21:25:53: Final size factor: 0.4834574617434862 0.9476742691981379 1.4555520478182302 0.8281024581614113 0.6440744289336033 1.7492327355941213 1.1860841346233675 1.0184148340090875 1.5144839571190045 
INFO  @ Wed, 23 Mar 2022 21:25:53: size factor: 2.0684343073198486,1.055214890287289,0.6870245564210015,1.2075800405426196,1.5526155908032306,0.5716792166368606,0.8431105102991221,0.981918140433407,0.6602909164533477 
INFO  @ Wed, 23 Mar 2022 21:25:53: Thread 0 started. 
INFO  @ Wed, 23 Mar 2022 21:25:53: Thread 0: total 1 instances. 
INFO  @ Wed, 23 Mar 2022 21:25:53: Thread 0 completed. 
INFO  @ Wed, 23 Mar 2022 21:25:53: All threads completed. 
INFO  @ Wed, 23 Mar 2022 21:25:53: Modeling the mean and variance ... 
INFO  @ Wed, 23 Mar 2022 21:25:53: Run the algorithm for the second time ... 
INFO  @ Wed, 23 Mar 2022 21:25:53: Skipping gene Non-Targeting-Control from MLE calculation since there are too many sgRNAs. To change, revise the --max-sgrnapergene-permutation option. 
INFO  @ Wed, 23 Mar 2022 21:25:53: Thread 0 started. 
INFO  @ Wed, 23 Mar 2022 21:25:53: Thread 0: total 19112 instances. 
INFO  @ Wed, 23 Mar 2022 21:25:53: Thread 0: Calculating OR52E6 (1) ...  
INFO  @ Wed, 23 Mar 2022 21:25:59: Thread 0: Calculating OR10J3 (1001) ...  
INFO  @ Wed, 23 Mar 2022 21:26:06: Thread 0: Calculating DMGDH (2001) ...  
INFO  @ Wed, 23 Mar 2022 21:26:12: Thread 0: Calculating WARS (3001) ...  
INFO  @ Wed, 23 Mar 2022 21:26:18: Thread 0: Calculating PTH (4001) ...  
INFO  @ Wed, 23 Mar 2022 21:26:25: Thread 0: Calculating CCNI2 (5001) ...  
INFO  @ Wed, 23 Mar 2022 21:26:31: Thread 0: Calculating ENPP7 (6001) ...  
INFO  @ Wed, 23 Mar 2022 21:26:38: Thread 0: Calculating TM9SF3 (7001) ...  
INFO  @ Wed, 23 Mar 2022 21:26:44: Thread 0: Calculating ATP13A1 (8001) ...  
INFO  @ Wed, 23 Mar 2022 21:26:51: Thread 0: Calculating TMCC2 (9001) ...  
INFO  @ Wed, 23 Mar 2022 21:26:57: Thread 0: Calculating MTHFS (10001) ...  
INFO  @ Wed, 23 Mar 2022 21:27:03: Thread 0: Calculating FAHD1 (11001) ...  
INFO  @ Wed, 23 Mar 2022 21:27:10: Thread 0: Calculating DIMT1 (12001) ...  
INFO  @ Wed, 23 Mar 2022 21:27:16: Thread 0: Calculating SPARCL1 (13001) ...  
INFO  @ Wed, 23 Mar 2022 21:27:24: Thread 0: Calculating EIF5A2 (14001) ...  
INFO  @ Wed, 23 Mar 2022 21:27:32: Thread 0: Calculating C4orf3 (15001) ...  
INFO  @ Wed, 23 Mar 2022 21:27:39: Thread 0: Calculating ING2 (16001) ...  
INFO  @ Wed, 23 Mar 2022 21:27:45: Thread 0: Calculating SLC6A20 (17001) ...  
INFO  @ Wed, 23 Mar 2022 21:27:52: Thread 0: Calculating KIAA1586 (18001) ...  
INFO  @ Wed, 23 Mar 2022 21:27:58: Thread 0: Calculating CHRNA6 (19001) ...  
INFO  @ Wed, 23 Mar 2022 21:27:59: Thread 0 completed. 
INFO  @ Wed, 23 Mar 2022 21:27:59: All threads completed. 
INFO  @ Wed, 23 Mar 2022 21:28:04: Permuting groups of gene with 1 sgRNAs per gene. Group progress: 1/5 
INFO  @ Wed, 23 Mar 2022 21:28:04: Start permuting 2 rounds ... 
INFO  @ Wed, 23 Mar 2022 21:28:04: Collecting 77441 sgRNAs from 19113 genes. 
INFO  @ Wed, 23 Mar 2022 21:28:05: Permuting round 0 ... 
INFO  @ Wed, 23 Mar 2022 21:28:06: Thread 0 started. 
INFO  @ Wed, 23 Mar 2022 21:28:06: Thread 0: total 19113 instances. 
INFO  @ Wed, 23 Mar 2022 21:28:06: Thread 0: Calculating OR52E6 (1) ...  
INFO  @ Wed, 23 Mar 2022 21:28:09: Thread 0: Calculating CNNM1 (1001) ...  
INFO  @ Wed, 23 Mar 2022 21:28:13: Thread 0: Calculating RSPH14 (2001) ...  
INFO  @ Wed, 23 Mar 2022 21:28:16: Thread 0: Calculating TEX38 (3001) ...  
INFO  @ Wed, 23 Mar 2022 21:28:19: Thread 0: Calculating MGRN1 (4001) ...  
INFO  @ Wed, 23 Mar 2022 21:28:23: Thread 0: Calculating PCDHGA10 (5001) ...  
INFO  @ Wed, 23 Mar 2022 21:28:26: Thread 0: Calculating IPO7 (6001) ...  
INFO  @ Wed, 23 Mar 2022 21:28:29: Thread 0: Calculating SYTL4 (7001) ...  
INFO  @ Wed, 23 Mar 2022 21:28:33: Thread 0: Calculating SPAG6 (8001) ...  
INFO  @ Wed, 23 Mar 2022 21:28:36: Thread 0: Calculating HUWE1 (9001) ...  
INFO  @ Wed, 23 Mar 2022 21:28:39: Thread 0: Calculating SPAG16 (10001) ...  
INFO  @ Wed, 23 Mar 2022 21:28:43: Thread 0: Calculating NAA25 (11001) ...  
INFO  @ Wed, 23 Mar 2022 21:28:46: Thread 0: Calculating SLC7A5 (12001) ...  
INFO  @ Wed, 23 Mar 2022 21:28:49: Thread 0: Calculating TRPM7 (13001) ...  
INFO  @ Wed, 23 Mar 2022 21:28:53: Thread 0: Calculating HVCN1 (14001) ...  
INFO  @ Wed, 23 Mar 2022 21:28:57: Thread 0: Calculating CCDC84 (15001) ...  
INFO  @ Wed, 23 Mar 2022 21:29:00: Thread 0: Calculating EPDR1 (16001) ...  
INFO  @ Wed, 23 Mar 2022 21:29:03: Thread 0: Calculating TRIM9 (17001) ...  
INFO  @ Wed, 23 Mar 2022 21:29:07: Thread 0: Calculating POLR2C (18001) ...  
INFO  @ Wed, 23 Mar 2022 21:29:10: Thread 0: Calculating TYW3 (19001) ...  
INFO  @ Wed, 23 Mar 2022 21:29:10: Thread 0 completed. 
INFO  @ Wed, 23 Mar 2022 21:29:10: All threads completed. 
INFO  @ Wed, 23 Mar 2022 21:29:15: Permuting round 1 ... 
INFO  @ Wed, 23 Mar 2022 21:29:15: Thread 0 started. 
INFO  @ Wed, 23 Mar 2022 21:29:15: Thread 0: total 19113 instances. 
INFO  @ Wed, 23 Mar 2022 21:29:15: Thread 0: Calculating OR52E6 (1) ...  
INFO  @ Wed, 23 Mar 2022 21:29:19: Thread 0: Calculating CNNM1 (1001) ...  
INFO  @ Wed, 23 Mar 2022 21:29:22: Thread 0: Calculating RSPH14 (2001) ...  
INFO  @ Wed, 23 Mar 2022 21:29:26: Thread 0: Calculating TEX38 (3001) ...  
INFO  @ Wed, 23 Mar 2022 21:29:29: Thread 0: Calculating MGRN1 (4001) ...  
INFO  @ Wed, 23 Mar 2022 21:29:32: Thread 0: Calculating PCDHGA10 (5001) ...  
INFO  @ Wed, 23 Mar 2022 21:29:36: Thread 0: Calculating IPO7 (6001) ...  
INFO  @ Wed, 23 Mar 2022 21:29:39: Thread 0: Calculating SYTL4 (7001) ...  
INFO  @ Wed, 23 Mar 2022 21:29:42: Thread 0: Calculating SPAG6 (8001) ...  
INFO  @ Wed, 23 Mar 2022 21:29:46: Thread 0: Calculating HUWE1 (9001) ...  
INFO  @ Wed, 23 Mar 2022 21:29:49: Thread 0: Calculating SPAG16 (10001) ...  
INFO  @ Wed, 23 Mar 2022 21:29:52: Thread 0: Calculating NAA25 (11001) ...  
INFO  @ Wed, 23 Mar 2022 21:29:56: Thread 0: Calculating SLC7A5 (12001) ...  
INFO  @ Wed, 23 Mar 2022 21:29:59: Thread 0: Calculating TRPM7 (13001) ...  
INFO  @ Wed, 23 Mar 2022 21:30:02: Thread 0: Calculating HVCN1 (14001) ...  
INFO  @ Wed, 23 Mar 2022 21:30:06: Thread 0: Calculating CCDC84 (15001) ...  
INFO  @ Wed, 23 Mar 2022 21:30:09: Thread 0: Calculating EPDR1 (16001) ...  
INFO  @ Wed, 23 Mar 2022 21:30:13: Thread 0: Calculating TRIM9 (17001) ...  
INFO  @ Wed, 23 Mar 2022 21:30:16: Thread 0: Calculating POLR2C (18001) ...  
INFO  @ Wed, 23 Mar 2022 21:30:19: Thread 0: Calculating TYW3 (19001) ...  
INFO  @ Wed, 23 Mar 2022 21:30:20: Thread 0 completed. 
INFO  @ Wed, 23 Mar 2022 21:30:20: All threads completed. 
INFO  @ Wed, 23 Mar 2022 21:30:25: Assigning p values... 
INFO  @ Wed, 23 Mar 2022 21:30:25: Permuting groups of gene with 2 sgRNAs per gene. Group progress: 2/5 
INFO  @ Wed, 23 Mar 2022 21:30:25: Start permuting 2 rounds ... 
INFO  @ Wed, 23 Mar 2022 21:30:26: Collecting 77441 sgRNAs from 19113 genes. 
INFO  @ Wed, 23 Mar 2022 21:30:27: Permuting round 0 ... 
INFO  @ Wed, 23 Mar 2022 21:30:28: Thread 0 started. 
INFO  @ Wed, 23 Mar 2022 21:30:28: Thread 0: total 19113 instances. 
INFO  @ Wed, 23 Mar 2022 21:30:28: Thread 0: Calculating OR52E6 (1) ...  
INFO  @ Wed, 23 Mar 2022 21:30:32: Thread 0: Calculating CNNM1 (1001) ...  
INFO  @ Wed, 23 Mar 2022 21:30:37: Thread 0: Calculating RSPH14 (2001) ...  
INFO  @ Wed, 23 Mar 2022 21:30:41: Thread 0: Calculating TEX38 (3001) ...  
INFO  @ Wed, 23 Mar 2022 21:30:46: Thread 0: Calculating MGRN1 (4001) ...  
INFO  @ Wed, 23 Mar 2022 21:30:50: Thread 0: Calculating PCDHGA10 (5001) ...  
INFO  @ Wed, 23 Mar 2022 21:30:55: Thread 0: Calculating IPO7 (6001) ...  
INFO  @ Wed, 23 Mar 2022 21:30:59: Thread 0: Calculating SYTL4 (7001) ...  
INFO  @ Wed, 23 Mar 2022 21:31:04: Thread 0: Calculating SPAG6 (8001) ...  
INFO  @ Wed, 23 Mar 2022 21:31:08: Thread 0: Calculating HUWE1 (9001) ...  
INFO  @ Wed, 23 Mar 2022 21:31:12: Thread 0: Calculating SPAG16 (10001) ...  
INFO  @ Wed, 23 Mar 2022 21:31:17: Thread 0: Calculating NAA25 (11001) ...  
INFO  @ Wed, 23 Mar 2022 21:31:21: Thread 0: Calculating SLC7A5 (12001) ...  
INFO  @ Wed, 23 Mar 2022 21:31:26: Thread 0: Calculating TRPM7 (13001) ...  
INFO  @ Wed, 23 Mar 2022 21:31:30: Thread 0: Calculating HVCN1 (14001) ...  
INFO  @ Wed, 23 Mar 2022 21:31:34: Thread 0: Calculating CCDC84 (15001) ...  
INFO  @ Wed, 23 Mar 2022 21:31:39: Thread 0: Calculating EPDR1 (16001) ...  
INFO  @ Wed, 23 Mar 2022 21:31:43: Thread 0: Calculating TRIM9 (17001) ...  
INFO  @ Wed, 23 Mar 2022 21:31:48: Thread 0: Calculating POLR2C (18001) ...  
INFO  @ Wed, 23 Mar 2022 21:31:52: Thread 0: Calculating TYW3 (19001) ...  
INFO  @ Wed, 23 Mar 2022 21:31:53: Thread 0 completed. 
INFO  @ Wed, 23 Mar 2022 21:31:53: All threads completed. 
INFO  @ Wed, 23 Mar 2022 21:31:58: Permuting round 1 ... 
INFO  @ Wed, 23 Mar 2022 21:31:58: Thread 0 started. 
INFO  @ Wed, 23 Mar 2022 21:31:58: Thread 0: total 19113 instances. 
INFO  @ Wed, 23 Mar 2022 21:31:58: Thread 0: Calculating OR52E6 (1) ...  
INFO  @ Wed, 23 Mar 2022 21:32:03: Thread 0: Calculating CNNM1 (1001) ...  
INFO  @ Wed, 23 Mar 2022 21:32:07: Thread 0: Calculating RSPH14 (2001) ...  
INFO  @ Wed, 23 Mar 2022 21:32:11: Thread 0: Calculating TEX38 (3001) ...  
INFO  @ Wed, 23 Mar 2022 21:32:16: Thread 0: Calculating MGRN1 (4001) ...  
INFO  @ Wed, 23 Mar 2022 21:32:20: Thread 0: Calculating PCDHGA10 (5001) ...  
INFO  @ Wed, 23 Mar 2022 21:32:25: Thread 0: Calculating IPO7 (6001) ...  
INFO  @ Wed, 23 Mar 2022 21:32:29: Thread 0: Calculating SYTL4 (7001) ...  
INFO  @ Wed, 23 Mar 2022 21:32:34: Thread 0: Calculating SPAG6 (8001) ...  
INFO  @ Wed, 23 Mar 2022 21:32:38: Thread 0: Calculating HUWE1 (9001) ...  
INFO  @ Wed, 23 Mar 2022 21:32:43: Thread 0: Calculating SPAG16 (10001) ...  
INFO  @ Wed, 23 Mar 2022 21:32:47: Thread 0: Calculating NAA25 (11001) ...  
INFO  @ Wed, 23 Mar 2022 21:32:52: Thread 0: Calculating SLC7A5 (12001) ...  
INFO  @ Wed, 23 Mar 2022 21:32:56: Thread 0: Calculating TRPM7 (13001) ...  
INFO  @ Wed, 23 Mar 2022 21:33:01: Thread 0: Calculating HVCN1 (14001) ...  
INFO  @ Wed, 23 Mar 2022 21:33:05: Thread 0: Calculating CCDC84 (15001) ...  
INFO  @ Wed, 23 Mar 2022 21:33:09: Thread 0: Calculating EPDR1 (16001) ...  
INFO  @ Wed, 23 Mar 2022 21:33:14: Thread 0: Calculating TRIM9 (17001) ...  
INFO  @ Wed, 23 Mar 2022 21:33:18: Thread 0: Calculating POLR2C (18001) ...  
INFO  @ Wed, 23 Mar 2022 21:33:23: Thread 0: Calculating TYW3 (19001) ...  
INFO  @ Wed, 23 Mar 2022 21:33:23: Thread 0 completed. 
INFO  @ Wed, 23 Mar 2022 21:33:23: All threads completed. 
INFO  @ Wed, 23 Mar 2022 21:33:28: Assigning p values... 
INFO  @ Wed, 23 Mar 2022 21:33:28: Permuting groups of gene with 4 sgRNAs per gene. Group progress: 3/5 
INFO  @ Wed, 23 Mar 2022 21:33:28: Start permuting 2 rounds ... 
INFO  @ Wed, 23 Mar 2022 21:33:29: Collecting 77441 sgRNAs from 19113 genes. 
INFO  @ Wed, 23 Mar 2022 21:33:30: Permuting round 0 ... 
INFO  @ Wed, 23 Mar 2022 21:33:30: Thread 0 started. 
INFO  @ Wed, 23 Mar 2022 21:33:30: Thread 0: total 19113 instances. 
INFO  @ Wed, 23 Mar 2022 21:33:30: Thread 0: Calculating OR52E6 (1) ...  
INFO  @ Wed, 23 Mar 2022 21:33:36: Thread 0: Calculating CNNM1 (1001) ...  
INFO  @ Wed, 23 Mar 2022 21:33:41: Thread 0: Calculating RSPH14 (2001) ...  
INFO  @ Wed, 23 Mar 2022 21:33:47: Thread 0: Calculating TEX38 (3001) ...  
INFO  @ Wed, 23 Mar 2022 21:33:52: Thread 0: Calculating MGRN1 (4001) ...  
INFO  @ Wed, 23 Mar 2022 21:33:59: Thread 0: Calculating PCDHGA10 (5001) ...  
INFO  @ Wed, 23 Mar 2022 21:34:05: Thread 0: Calculating IPO7 (6001) ...  
INFO  @ Wed, 23 Mar 2022 21:34:10: Thread 0: Calculating SYTL4 (7001) ...  
INFO  @ Wed, 23 Mar 2022 21:34:15: Thread 0: Calculating SPAG6 (8001) ...  
INFO  @ Wed, 23 Mar 2022 21:34:20: Thread 0: Calculating HUWE1 (9001) ...  
INFO  @ Wed, 23 Mar 2022 21:34:26: Thread 0: Calculating SPAG16 (10001) ...  
INFO  @ Wed, 23 Mar 2022 21:34:31: Thread 0: Calculating NAA25 (11001) ...  
INFO  @ Wed, 23 Mar 2022 21:34:36: Thread 0: Calculating SLC7A5 (12001) ...  
INFO  @ Wed, 23 Mar 2022 21:34:41: Thread 0: Calculating TRPM7 (13001) ...  
INFO  @ Wed, 23 Mar 2022 21:34:48: Thread 0: Calculating HVCN1 (14001) ...  
INFO  @ Wed, 23 Mar 2022 21:34:53: Thread 0: Calculating CCDC84 (15001) ...  
INFO  @ Wed, 23 Mar 2022 21:34:58: Thread 0: Calculating EPDR1 (16001) ...  
INFO  @ Wed, 23 Mar 2022 21:35:04: Thread 0: Calculating TRIM9 (17001) ...  
INFO  @ Wed, 23 Mar 2022 21:35:09: Thread 0: Calculating POLR2C (18001) ...  
INFO  @ Wed, 23 Mar 2022 21:35:14: Thread 0: Calculating TYW3 (19001) ...  
INFO  @ Wed, 23 Mar 2022 21:35:15: Thread 0 completed. 
INFO  @ Wed, 23 Mar 2022 21:35:15: All threads completed. 
INFO  @ Wed, 23 Mar 2022 21:35:20: Permuting round 1 ... 
INFO  @ Wed, 23 Mar 2022 21:35:20: Thread 0 started. 
INFO  @ Wed, 23 Mar 2022 21:35:20: Thread 0: total 19113 instances. 
INFO  @ Wed, 23 Mar 2022 21:35:20: Thread 0: Calculating OR52E6 (1) ...  
INFO  @ Wed, 23 Mar 2022 21:35:26: Thread 0: Calculating CNNM1 (1001) ...  
INFO  @ Wed, 23 Mar 2022 21:35:31: Thread 0: Calculating RSPH14 (2001) ...  
INFO  @ Wed, 23 Mar 2022 21:35:37: Thread 0: Calculating TEX38 (3001) ...  
INFO  @ Wed, 23 Mar 2022 21:35:42: Thread 0: Calculating MGRN1 (4001) ...  
INFO  @ Wed, 23 Mar 2022 21:35:47: Thread 0: Calculating PCDHGA10 (5001) ...  
INFO  @ Wed, 23 Mar 2022 21:35:52: Thread 0: Calculating IPO7 (6001) ...  
INFO  @ Wed, 23 Mar 2022 21:35:58: Thread 0: Calculating SYTL4 (7001) ...  
INFO  @ Wed, 23 Mar 2022 21:36:03: Thread 0: Calculating SPAG6 (8001) ...  
INFO  @ Wed, 23 Mar 2022 21:36:08: Thread 0: Calculating HUWE1 (9001) ...  
INFO  @ Wed, 23 Mar 2022 21:36:14: Thread 0: Calculating SPAG16 (10001) ...  
INFO  @ Wed, 23 Mar 2022 21:36:19: Thread 0: Calculating NAA25 (11001) ...  
INFO  @ Wed, 23 Mar 2022 21:36:24: Thread 0: Calculating SLC7A5 (12001) ...  
INFO  @ Wed, 23 Mar 2022 21:36:30: Thread 0: Calculating TRPM7 (13001) ...  
INFO  @ Wed, 23 Mar 2022 21:36:35: Thread 0: Calculating HVCN1 (14001) ...  
INFO  @ Wed, 23 Mar 2022 21:36:40: Thread 0: Calculating CCDC84 (15001) ...  
INFO  @ Wed, 23 Mar 2022 21:36:45: Thread 0: Calculating EPDR1 (16001) ...  
INFO  @ Wed, 23 Mar 2022 21:36:51: Thread 0: Calculating TRIM9 (17001) ...  
INFO  @ Wed, 23 Mar 2022 21:36:56: Thread 0: Calculating POLR2C (18001) ...  
INFO  @ Wed, 23 Mar 2022 21:37:03: Thread 0: Calculating TYW3 (19001) ...  
INFO  @ Wed, 23 Mar 2022 21:37:03: Thread 0 completed. 
INFO  @ Wed, 23 Mar 2022 21:37:03: All threads completed. 
INFO  @ Wed, 23 Mar 2022 21:37:08: Assigning p values... 
INFO  @ Wed, 23 Mar 2022 21:37:44: Permuting groups of gene with 8 sgRNAs per gene. Group progress: 4/5 
INFO  @ Wed, 23 Mar 2022 21:37:44: Start permuting 2 rounds ... 
INFO  @ Wed, 23 Mar 2022 21:37:44: Collecting 77441 sgRNAs from 19113 genes. 
INFO  @ Wed, 23 Mar 2022 21:37:45: Permuting round 0 ... 
INFO  @ Wed, 23 Mar 2022 21:37:46: Thread 0 started. 
INFO  @ Wed, 23 Mar 2022 21:37:46: Thread 0: total 19113 instances. 
INFO  @ Wed, 23 Mar 2022 21:37:46: Thread 0: Calculating OR52E6 (1) ...  
INFO  @ Wed, 23 Mar 2022 21:37:53: Thread 0: Calculating CNNM1 (1001) ...  
INFO  @ Wed, 23 Mar 2022 21:38:01: Thread 0: Calculating RSPH14 (2001) ...  
INFO  @ Wed, 23 Mar 2022 21:38:08: Thread 0: Calculating TEX38 (3001) ...  
INFO  @ Wed, 23 Mar 2022 21:38:17: Thread 0: Calculating MGRN1 (4001) ...  
INFO  @ Wed, 23 Mar 2022 21:38:24: Thread 0: Calculating PCDHGA10 (5001) ...  
INFO  @ Wed, 23 Mar 2022 21:38:34: Thread 0: Calculating IPO7 (6001) ...  
INFO  @ Wed, 23 Mar 2022 21:38:41: Thread 0: Calculating SYTL4 (7001) ...  
INFO  @ Wed, 23 Mar 2022 21:38:48: Thread 0: Calculating SPAG6 (8001) ...  
INFO  @ Wed, 23 Mar 2022 21:38:56: Thread 0: Calculating HUWE1 (9001) ...  
INFO  @ Wed, 23 Mar 2022 21:39:05: Thread 0: Calculating SPAG16 (10001) ...  
INFO  @ Wed, 23 Mar 2022 21:39:12: Thread 0: Calculating NAA25 (11001) ...  
INFO  @ Wed, 23 Mar 2022 21:39:20: Thread 0: Calculating SLC7A5 (12001) ...  
INFO  @ Wed, 23 Mar 2022 21:39:29: Thread 0: Calculating TRPM7 (13001) ...  
INFO  @ Wed, 23 Mar 2022 21:39:36: Thread 0: Calculating HVCN1 (14001) ...  
INFO  @ Wed, 23 Mar 2022 21:39:44: Thread 0: Calculating CCDC84 (15001) ...  
INFO  @ Wed, 23 Mar 2022 21:39:51: Thread 0: Calculating EPDR1 (16001) ...  
INFO  @ Wed, 23 Mar 2022 21:39:58: Thread 0: Calculating TRIM9 (17001) ...  
INFO  @ Wed, 23 Mar 2022 21:40:06: Thread 0: Calculating POLR2C (18001) ...  
INFO  @ Wed, 23 Mar 2022 21:40:13: Thread 0: Calculating TYW3 (19001) ...  
INFO  @ Wed, 23 Mar 2022 21:40:14: Thread 0 completed. 
INFO  @ Wed, 23 Mar 2022 21:40:14: All threads completed. 
INFO  @ Wed, 23 Mar 2022 21:40:19: Permuting round 1 ... 
INFO  @ Wed, 23 Mar 2022 21:40:20: Thread 0 started. 
INFO  @ Wed, 23 Mar 2022 21:40:20: Thread 0: total 19113 instances. 
INFO  @ Wed, 23 Mar 2022 21:40:20: Thread 0: Calculating OR52E6 (1) ...  
INFO  @ Wed, 23 Mar 2022 21:40:27: Thread 0: Calculating CNNM1 (1001) ...  
INFO  @ Wed, 23 Mar 2022 21:40:35: Thread 0: Calculating RSPH14 (2001) ...  
INFO  @ Wed, 23 Mar 2022 21:40:42: Thread 0: Calculating TEX38 (3001) ...  
INFO  @ Wed, 23 Mar 2022 21:40:49: Thread 0: Calculating MGRN1 (4001) ...  
INFO  @ Wed, 23 Mar 2022 21:40:57: Thread 0: Calculating PCDHGA10 (5001) ...  
INFO  @ Wed, 23 Mar 2022 21:41:06: Thread 0: Calculating IPO7 (6001) ...  
INFO  @ Wed, 23 Mar 2022 21:41:15: Thread 0: Calculating SYTL4 (7001) ...  
INFO  @ Wed, 23 Mar 2022 21:41:25: Thread 0: Calculating SPAG6 (8001) ...  
INFO  @ Wed, 23 Mar 2022 21:41:32: Thread 0: Calculating HUWE1 (9001) ...  
INFO  @ Wed, 23 Mar 2022 21:41:40: Thread 0: Calculating SPAG16 (10001) ...  
INFO  @ Wed, 23 Mar 2022 21:41:47: Thread 0: Calculating NAA25 (11001) ...  
INFO  @ Wed, 23 Mar 2022 21:41:55: Thread 0: Calculating SLC7A5 (12001) ...  
INFO  @ Wed, 23 Mar 2022 21:42:02: Thread 0: Calculating TRPM7 (13001) ...  
INFO  @ Wed, 23 Mar 2022 21:42:10: Thread 0: Calculating HVCN1 (14001) ...  
INFO  @ Wed, 23 Mar 2022 21:42:19: Thread 0: Calculating CCDC84 (15001) ...  
INFO  @ Wed, 23 Mar 2022 21:42:26: Thread 0: Calculating EPDR1 (16001) ...  
INFO  @ Wed, 23 Mar 2022 21:42:36: Thread 0: Calculating TRIM9 (17001) ...  
INFO  @ Wed, 23 Mar 2022 21:42:43: Thread 0: Calculating POLR2C (18001) ...  
INFO  @ Wed, 23 Mar 2022 21:42:50: Thread 0: Calculating TYW3 (19001) ...  
INFO  @ Wed, 23 Mar 2022 21:42:51: Thread 0 completed. 
INFO  @ Wed, 23 Mar 2022 21:42:51: All threads completed. 
INFO  @ Wed, 23 Mar 2022 21:42:57: Assigning p values... 
INFO  @ Wed, 23 Mar 2022 21:42:57: Groups of gene with 1000 sgRNAs per gene: assigning p values based on previous group results. Group progress: 5/5 
INFO  @ Wed, 23 Mar 2022 21:42:59: Writing gene results to 2022March23_All_CDC45_Day9.gene_summary.txt 
INFO  @ Wed, 23 Mar 2022 21:42:59: Writing sgRNA results to 2022March23_All_CDC45_Day9.sgrna_summary.txt 
