[2020-06-16 00:39:09,509] multiqc                                            [DEBUG  ]  No MultiQC config found: /net/flotsam.nfs/ifs/groups/xenos/analysis-bin/multiqc/1.8/venv/lib/python3.7/site-packages/multiqc_config.yaml
[2020-06-16 00:39:09,553] multiqc                                            [DEBUG  ]  No MultiQC config found: /home/sansamc/.multiqc_config.yaml
[2020-06-16 00:39:09,559] multiqc                                            [DEBUG  ]  No MultiQC config found: multiqc_config.yaml
[2020-06-16 00:39:09,559] multiqc                                            [DEBUG  ]  Command used: /usr/local/analysis/multiqc/1.8/bin/multiqc -o fastqc_results/multiqc_results fastqc_results/.
[2020-06-16 00:39:10,783] multiqc                                            [WARNING]  MultiQC Version v1.9 now available!
[2020-06-16 00:39:10,784] multiqc                                            [INFO   ]  This is MultiQC v1.8
[2020-06-16 00:39:10,784] multiqc                                            [DEBUG  ]  Command     : /usr/local/analysis/multiqc/1.8/bin/multiqc -o fastqc_results/multiqc_results fastqc_results/.
[2020-06-16 00:39:10,784] multiqc                                            [DEBUG  ]  Working dir : /net/flotsam.nfs/ifs/omrf/sansam/hpc-nobackup/copy_test_RepTimingAnalysisPipeline
[2020-06-16 00:39:10,784] multiqc                                            [INFO   ]  Template    : default
[2020-06-16 00:39:10,785] multiqc                                            [DEBUG  ]  Running Python 3.7.0 (default, Oct  1 2018, 16:45:11)  [GCC 5.4.0 20160609]
[2020-06-16 00:39:10,785] multiqc                                            [INFO   ]  Searching   : /net/flotsam.nfs/ifs/omrf/sansam/hpc-nobackup/copy_test_RepTimingAnalysisPipeline/fastqc_results
[2020-06-16 00:39:10,786] multiqc                                            [DEBUG  ]  Analysing modules: custom_content, conpair, peddy, methylQA, phantompeakqualtools, qualimap, preseq, quast, qorts, rna_seqc, rsem, rseqc, busco, goleft_indexcov, disambiguate, supernova, deeptools, sargasso, verifybamid, mirtrace, happy, homer, macs2, theta2, snpeff, gatk, htseq, bcftools, featureCounts, fgbio, dedup, damageprofiler, biobambam2, mtnucratio, picard, prokka, samblaster, samtools, sexdeterrmine, bamtools, jellyfish, vcftools, longranger, stacks, bbmap, bismark, biscuit, hicexplorer, hicup, hicpro, salmon, kallisto, slamdunk, star, hisat2, tophat, bowtie2, bowtie1, kat, leehom, adapterRemoval, clipandmerge, cutadapt, flexbar, trimmomatic, skewer, sortmerna, biobloomtools, fastq_screen, afterqc, fastp, fastqc, minionqc, mosdepth, clusterflow, bcl2fastq, interop, flash, seqyclean
[2020-06-16 00:39:10,786] multiqc                                            [DEBUG  ]  Using temporary directory for creating report: /tmp/tmpnvx2b2j0
[2020-06-16 00:39:10,952] multiqc                                            [DEBUG  ]  Ignoring file as matched an ignore pattern: SRR10852436_fastqc.html
[2020-06-16 00:39:10,952] multiqc                                            [DEBUG  ]  Ignoring file as matched an ignore pattern: SRR10852435_fastqc.html
[2020-06-16 00:39:10,952] multiqc                                            [DEBUG  ]  Ignoring file as matched an ignore pattern: SRR10852447_fastqc.html
[2020-06-16 00:39:10,953] multiqc                                            [DEBUG  ]  Ignoring file as matched an ignore pattern: SRR10852437_fastqc.html
[2020-06-16 00:39:10,953] multiqc                                            [DEBUG  ]  Ignoring file as matched an ignore pattern: SRR10852434_fastqc.html
[2020-06-16 00:39:10,954] multiqc                                            [DEBUG  ]  Ignoring file as matched an ignore pattern: SRR10852438_fastqc.html
[2020-06-16 00:39:10,955] multiqc                                            [DEBUG  ]  Ignoring file as matched an ignore pattern: SRR10852443_fastqc.html
[2020-06-16 00:39:10,955] multiqc                                            [DEBUG  ]  Ignoring file as matched an ignore pattern: SRR10852442_fastqc.html
[2020-06-16 00:39:10,956] multiqc                                            [DEBUG  ]  Ignoring file as matched an ignore pattern: SRR10852439_fastqc.html
[2020-06-16 00:39:10,956] multiqc                                            [DEBUG  ]  Ignoring file as matched an ignore pattern: SRR10852440_fastqc.html
[2020-06-16 00:39:10,956] multiqc                                            [DEBUG  ]  Ignoring file as matched an ignore pattern: SRR10852441_fastqc.html
[2020-06-16 00:39:10,956] multiqc                                            [DEBUG  ]  Ignoring file as matched an ignore pattern: SRR10852450_fastqc.html
[2020-06-16 00:39:14,797] multiqc.plots.bargraph                             [DEBUG  ]  Using matplotlib version 3.1.1
[2020-06-16 00:39:14,804] multiqc.plots.linegraph                            [DEBUG  ]  Using matplotlib version 3.1.1
[2020-06-16 00:39:14,813] multiqc                                            [DEBUG  ]  No samples found: custom_content
[2020-06-16 00:39:14,839] multiqc                                            [DEBUG  ]  No samples found: conpair
[2020-06-16 00:39:14,903] multiqc                                            [DEBUG  ]  No samples found: peddy
[2020-06-16 00:39:14,930] multiqc                                            [DEBUG  ]  No samples found: methylQA
[2020-06-16 00:39:15,002] multiqc                                            [DEBUG  ]  No samples found: phantompeakqualtools
[2020-06-16 00:39:15,088] multiqc                                            [DEBUG  ]  No samples found: qualimap
[2020-06-16 00:39:15,154] multiqc                                            [DEBUG  ]  No samples found: preseq
[2020-06-16 00:39:15,208] multiqc                                            [DEBUG  ]  No samples found: quast
[2020-06-16 00:39:15,256] multiqc                                            [DEBUG  ]  No samples found: qorts
[2020-06-16 00:39:15,288] multiqc                                            [DEBUG  ]  No samples found: rna_seqc
[2020-06-16 00:39:15,378] multiqc                                            [DEBUG  ]  No samples found: rsem
[2020-06-16 00:39:15,540] multiqc                                            [DEBUG  ]  No samples found: rseqc
[2020-06-16 00:39:15,581] multiqc                                            [DEBUG  ]  No samples found: busco
[2020-06-16 00:39:15,603] multiqc                                            [DEBUG  ]  No samples found: goleft_indexcov
[2020-06-16 00:39:15,629] multiqc                                            [DEBUG  ]  No samples found: disambiguate
[2020-06-16 00:39:15,673] multiqc                                            [DEBUG  ]  No samples found: supernova
[2020-06-16 00:39:15,782] multiqc                                            [DEBUG  ]  No samples found: deeptools
[2020-06-16 00:39:15,814] multiqc                                            [DEBUG  ]  No samples found: sargasso
[2020-06-16 00:39:15,840] multiqc                                            [DEBUG  ]  No samples found: verifybamid
[2020-06-16 00:39:15,857] multiqc                                            [DEBUG  ]  No samples found: mirtrace
[2020-06-16 00:39:15,888] multiqc                                            [DEBUG  ]  No samples found: happy
[2020-06-16 00:39:15,967] multiqc                                            [DEBUG  ]  No samples found: homer
[2020-06-16 00:39:16,033] multiqc                                            [DEBUG  ]  No samples found: macs2
[2020-06-16 00:39:16,073] multiqc                                            [DEBUG  ]  No samples found: theta2
[2020-06-16 00:39:16,103] multiqc                                            [DEBUG  ]  No samples found: snpeff
[2020-06-16 00:39:16,191] multiqc                                            [DEBUG  ]  No samples found: gatk
[2020-06-16 00:39:16,228] multiqc                                            [DEBUG  ]  No samples found: htseq
[2020-06-16 00:39:16,315] multiqc                                            [DEBUG  ]  No samples found: bcftools
[2020-06-16 00:39:16,373] multiqc                                            [DEBUG  ]  No samples found: featureCounts
[2020-06-16 00:39:16,432] multiqc                                            [DEBUG  ]  No samples found: fgbio
[2020-06-16 00:39:16,463] multiqc                                            [DEBUG  ]  No samples found: dedup
[2020-06-16 00:39:16,501] multiqc                                            [DEBUG  ]  No samples found: damageprofiler
[2020-06-16 00:39:16,639] multiqc                                            [DEBUG  ]  No samples found: biobambam2
[2020-06-16 00:39:16,674] multiqc                                            [DEBUG  ]  No samples found: mtnucratio
[2020-06-16 00:39:16,677] multiqc                                            [DEBUG  ]  No samples found: picard
[2020-06-16 00:39:16,741] multiqc                                            [DEBUG  ]  No samples found: prokka
[2020-06-16 00:39:16,800] multiqc                                            [DEBUG  ]  No samples found: samblaster
[2020-06-16 00:39:16,886] multiqc                                            [DEBUG  ]  No samples found: samtools
[2020-06-16 00:39:16,912] multiqc                                            [DEBUG  ]  No samples found: sexdeterrmine
[2020-06-16 00:39:16,970] multiqc                                            [DEBUG  ]  No samples found: bamtools
[2020-06-16 00:39:17,001] multiqc                                            [DEBUG  ]  No samples found: jellyfish
[2020-06-16 00:39:17,116] multiqc                                            [DEBUG  ]  No samples found: vcftools
[2020-06-16 00:39:17,157] multiqc                                            [DEBUG  ]  No samples found: longranger
[2020-06-16 00:39:17,244] multiqc                                            [DEBUG  ]  No samples found: stacks
[2020-06-16 00:39:17,492] multiqc                                            [DEBUG  ]  No samples found: bbmap
[2020-06-16 00:39:17,522] multiqc                                            [DEBUG  ]  No samples found: bismark
[2020-06-16 00:39:17,549] multiqc                                            [DEBUG  ]  No samples found: biscuit
[2020-06-16 00:39:17,578] multiqc                                            [DEBUG  ]  No samples found: hicexplorer
[2020-06-16 00:39:17,604] multiqc                                            [DEBUG  ]  No samples found: hicup
[2020-06-16 00:39:17,625] multiqc                                            [DEBUG  ]  No samples found: hicpro
[2020-06-16 00:39:17,653] multiqc                                            [DEBUG  ]  No samples found: salmon
[2020-06-16 00:39:17,678] multiqc                                            [DEBUG  ]  No samples found: kallisto
[2020-06-16 00:39:17,715] multiqc                                            [DEBUG  ]  No samples found: slamdunk
[2020-06-16 00:39:17,765] multiqc                                            [DEBUG  ]  No samples found: star
[2020-06-16 00:39:17,794] multiqc                                            [DEBUG  ]  No samples found: hisat2
[2020-06-16 00:39:17,821] multiqc                                            [DEBUG  ]  No samples found: tophat
[2020-06-16 00:39:17,859] multiqc                                            [DEBUG  ]  No samples found: bowtie2
[2020-06-16 00:39:17,890] multiqc                                            [DEBUG  ]  No samples found: bowtie1
[2020-06-16 00:39:17,923] multiqc                                            [DEBUG  ]  No samples found: kat
[2020-06-16 00:39:18,118] multiqc                                            [DEBUG  ]  No samples found: leehom
[2020-06-16 00:39:18,144] multiqc                                            [DEBUG  ]  No samples found: adapterRemoval
[2020-06-16 00:39:18,178] multiqc                                            [DEBUG  ]  No samples found: clipandmerge
[2020-06-16 00:39:18,197] multiqc                                            [DEBUG  ]  No samples found: cutadapt
[2020-06-16 00:39:18,236] multiqc                                            [DEBUG  ]  No samples found: flexbar
[2020-06-16 00:39:18,267] multiqc                                            [DEBUG  ]  No samples found: trimmomatic
[2020-06-16 00:39:18,304] multiqc                                            [DEBUG  ]  No samples found: skewer
[2020-06-16 00:39:18,337] multiqc                                            [DEBUG  ]  No samples found: sortmerna
[2020-06-16 00:39:18,371] multiqc                                            [DEBUG  ]  No samples found: biobloomtools
[2020-06-16 00:39:18,414] multiqc                                            [DEBUG  ]  No samples found: fastq_screen
[2020-06-16 00:39:18,491] multiqc                                            [DEBUG  ]  No samples found: afterqc
[2020-06-16 00:39:18,528] multiqc                                            [DEBUG  ]  No samples found: fastp
[2020-06-16 00:39:18,775] multiqc.modules.fastqc.fastqc                      [INFO   ]  Found 12 reports
[2020-06-16 00:39:19,293] multiqc                                            [DEBUG  ]  No samples found: minionqc
[2020-06-16 00:39:19,399] multiqc                                            [DEBUG  ]  No samples found: mosdepth
[2020-06-16 00:39:19,755] multiqc                                            [DEBUG  ]  No samples found: clusterflow
[2020-06-16 00:39:19,880] multiqc                                            [DEBUG  ]  No samples found: bcl2fastq
[2020-06-16 00:39:19,936] multiqc                                            [DEBUG  ]  No samples found: interop
[2020-06-16 00:39:19,950] multiqc                                            [DEBUG  ]  No samples found: flash
[2020-06-16 00:39:20,007] multiqc                                            [DEBUG  ]  No samples found: seqyclean
[2020-06-16 00:39:20,029] multiqc                                            [INFO   ]  Compressing plot data
[2020-06-16 00:39:20,221] multiqc                                            [INFO   ]  Report      : fastqc_results/multiqc_results/multiqc_report.html
[2020-06-16 00:39:20,222] multiqc                                            [INFO   ]  Data        : fastqc_results/multiqc_results/multiqc_data
[2020-06-16 00:39:20,232] multiqc                                            [DEBUG  ]  Moving data file from '/tmp/tmpnvx2b2j0/multiqc_data/multiqc_qualimap_bamqc_genome_results.txt' to 'fastqc_results/multiqc_results/multiqc_data'
[2020-06-16 00:39:20,261] multiqc                                            [DEBUG  ]  Moving data file from '/tmp/tmpnvx2b2j0/multiqc_data/multiqc_fastqc.txt' to 'fastqc_results/multiqc_results/multiqc_data'
[2020-06-16 00:39:20,317] multiqc                                            [DEBUG  ]  Moving data file from '/tmp/tmpnvx2b2j0/multiqc_data/multiqc_general_stats.txt' to 'fastqc_results/multiqc_results/multiqc_data'
[2020-06-16 00:39:20,347] multiqc                                            [DEBUG  ]  Moving data file from '/tmp/tmpnvx2b2j0/multiqc_data/multiqc_sources.txt' to 'fastqc_results/multiqc_results/multiqc_data'
[2020-06-16 00:39:20,382] multiqc                                            [DEBUG  ]  Moving data file from '/tmp/tmpnvx2b2j0/multiqc_data/multiqc_data.json' to 'fastqc_results/multiqc_results/multiqc_data'
[2020-06-16 00:39:21,232] multiqc                                            [INFO   ]  MultiQC complete
